This is pdfTeX, Version 3.14159265-2.6-1.40.19 (TeX Live 2018) (preloaded format=pdflatex 2018.9.24)  29 DEC 2019 18:02
entering extended mode
 restricted \write18 enabled.
 %&-line parsing enabled.
**report.tex
(./report.tex
LaTeX2e <2018-04-01> patch level 2
Babel <3.18> and hyphenation patterns for 84 language(s) loaded.
(/usr/local/texlive/2018/texmf-dist/tex/latex/base/article.cls
Document Class: article 2014/09/29 v1.4h Standard LaTeX document class
(/usr/local/texlive/2018/texmf-dist/tex/latex/base/fleqn.clo
File: fleqn.clo 2016/12/29 v1.2a Standard LaTeX option (flush left equations)
\mathindent=\dimen102
Applying: [2015/01/01] Make \[ robust on input line 50.
LaTeX Info: Redefining \[ on input line 51.
Already applied: [0000/00/00] Make \[ robust on input line 62.
Applying: [2015/01/01] Make \] robust on input line 74.
LaTeX Info: Redefining \] on input line 75.
Already applied: [0000/00/00] Make \] robust on input line 83.
)
(/usr/local/texlive/2018/texmf-dist/tex/latex/base/size12.clo
File: size12.clo 2014/09/29 v1.4h Standard LaTeX file (size option)
)
\c@part=\count80
\c@section=\count81
\c@subsection=\count82
\c@subsubsection=\count83
\c@paragraph=\count84
\c@subparagraph=\count85
\c@figure=\count86
\c@table=\count87
\abovecaptionskip=\skip41
\belowcaptionskip=\skip42
\bibindent=\dimen103
)
(./styles/log-style.sty
(/usr/local/texlive/2018/texmf-dist/tex/latex/base/inputenc.sty
Package: inputenc 2018/04/06 v1.3b Input encoding file
\inpenc@prehook=\toks14
\inpenc@posthook=\toks15
)
(/usr/local/texlive/2018/texmf-dist/tex/latex/base/fontenc.sty
Package: fontenc 2017/04/05 v2.0i Standard LaTeX package

(/usr/local/texlive/2018/texmf-dist/tex/latex/cyrillic/t2benc.def
File: t2benc.def 2005/09/27 v1.0i Cyrillic encoding definition file
Now handling font encoding T2B ...
... processing UTF-8 mapping file for font encoding T2B

(/usr/local/texlive/2018/texmf-dist/tex/latex/base/t2benc.dfu
File: t2benc.dfu 2018/04/05 v1.2c UTF-8 support for inputenc
   defining Unicode char U+00A4 (decimal 164)
   defining Unicode char U+00A7 (decimal 167)
   defining Unicode char U+00AB (decimal 171)
   defining Unicode char U+00BB (decimal 187)
   defining Unicode char U+0131 (decimal 305)
   defining Unicode char U+0400 (decimal 1024)
   defining Unicode char U+0401 (decimal 1025)
   defining Unicode char U+0403 (decimal 1027)
   defining Unicode char U+0405 (decimal 1029)
   defining Unicode char U+0406 (decimal 1030)
   defining Unicode char U+0408 (decimal 1032)
   defining Unicode char U+0409 (decimal 1033)
   defining Unicode char U+040A (decimal 1034)
   defining Unicode char U+040C (decimal 1036)
   defining Unicode char U+040D (decimal 1037)
   defining Unicode char U+040E (decimal 1038)
   defining Unicode char U+0410 (decimal 1040)
   defining Unicode char U+0411 (decimal 1041)
   defining Unicode char U+0412 (decimal 1042)
   defining Unicode char U+0413 (decimal 1043)
   defining Unicode char U+0414 (decimal 1044)
   defining Unicode char U+0415 (decimal 1045)
   defining Unicode char U+0416 (decimal 1046)
   defining Unicode char U+0417 (decimal 1047)
   defining Unicode char U+0418 (decimal 1048)
   defining Unicode char U+0419 (decimal 1049)
   defining Unicode char U+041A (decimal 1050)
   defining Unicode char U+041B (decimal 1051)
   defining Unicode char U+041C (decimal 1052)
   defining Unicode char U+041D (decimal 1053)
   defining Unicode char U+041E (decimal 1054)
   defining Unicode char U+041F (decimal 1055)
   defining Unicode char U+0420 (decimal 1056)
   defining Unicode char U+0421 (decimal 1057)
   defining Unicode char U+0422 (decimal 1058)
   defining Unicode char U+0423 (decimal 1059)
   defining Unicode char U+0424 (decimal 1060)
   defining Unicode char U+0425 (decimal 1061)
   defining Unicode char U+0426 (decimal 1062)
   defining Unicode char U+0427 (decimal 1063)
   defining Unicode char U+0428 (decimal 1064)
   defining Unicode char U+0429 (decimal 1065)
   defining Unicode char U+042A (decimal 1066)
   defining Unicode char U+042B (decimal 1067)
   defining Unicode char U+042C (decimal 1068)
   defining Unicode char U+042D (decimal 1069)
   defining Unicode char U+042E (decimal 1070)
   defining Unicode char U+042F (decimal 1071)
   defining Unicode char U+0430 (decimal 1072)
   defining Unicode char U+0431 (decimal 1073)
   defining Unicode char U+0432 (decimal 1074)
   defining Unicode char U+0433 (decimal 1075)
   defining Unicode char U+0434 (decimal 1076)
   defining Unicode char U+0435 (decimal 1077)
   defining Unicode char U+0436 (decimal 1078)
   defining Unicode char U+0437 (decimal 1079)
   defining Unicode char U+0438 (decimal 1080)
   defining Unicode char U+0439 (decimal 1081)
   defining Unicode char U+043A (decimal 1082)
   defining Unicode char U+043B (decimal 1083)
   defining Unicode char U+043C (decimal 1084)
   defining Unicode char U+043D (decimal 1085)
   defining Unicode char U+043E (decimal 1086)
   defining Unicode char U+043F (decimal 1087)
   defining Unicode char U+0440 (decimal 1088)
   defining Unicode char U+0441 (decimal 1089)
   defining Unicode char U+0442 (decimal 1090)
   defining Unicode char U+0443 (decimal 1091)
   defining Unicode char U+0444 (decimal 1092)
   defining Unicode char U+0445 (decimal 1093)
   defining Unicode char U+0446 (decimal 1094)
   defining Unicode char U+0447 (decimal 1095)
   defining Unicode char U+0448 (decimal 1096)
   defining Unicode char U+0449 (decimal 1097)
   defining Unicode char U+044A (decimal 1098)
   defining Unicode char U+044B (decimal 1099)
   defining Unicode char U+044C (decimal 1100)
   defining Unicode char U+044D (decimal 1101)
   defining Unicode char U+044E (decimal 1102)
   defining Unicode char U+044F (decimal 1103)
   defining Unicode char U+0450 (decimal 1104)
   defining Unicode char U+0451 (decimal 1105)
   defining Unicode char U+0453 (decimal 1107)
   defining Unicode char U+0455 (decimal 1109)
   defining Unicode char U+0456 (decimal 1110)
   defining Unicode char U+0458 (decimal 1112)
   defining Unicode char U+0459 (decimal 1113)
   defining Unicode char U+045A (decimal 1114)
   defining Unicode char U+045C (decimal 1116)
   defining Unicode char U+045D (decimal 1117)
   defining Unicode char U+045E (decimal 1118)
   defining Unicode char U+0492 (decimal 1170)
   defining Unicode char U+0493 (decimal 1171)
   defining Unicode char U+0494 (decimal 1172)
   defining Unicode char U+0495 (decimal 1173)
   defining Unicode char U+0496 (decimal 1174)
   defining Unicode char U+0497 (decimal 1175)
   defining Unicode char U+049A (decimal 1178)
   defining Unicode char U+049B (decimal 1179)
   defining Unicode char U+04A2 (decimal 1186)
   defining Unicode char U+04A3 (decimal 1187)
   defining Unicode char U+04A4 (decimal 1188)
   defining Unicode char U+04A5 (decimal 1189)
   defining Unicode char U+04AE (decimal 1198)
   defining Unicode char U+04AF (decimal 1199)
   defining Unicode char U+04B2 (decimal 1202)
   defining Unicode char U+04B3 (decimal 1203)
   defining Unicode char U+04B6 (decimal 1206)
   defining Unicode char U+04B7 (decimal 1207)
   defining Unicode char U+04BA (decimal 1210)
   defining Unicode char U+04BB (decimal 1211)
   defining Unicode char U+04C0 (decimal 1216)
   defining Unicode char U+04C1 (decimal 1217)
   defining Unicode char U+04C2 (decimal 1218)
   defining Unicode char U+04C3 (decimal 1219)
   defining Unicode char U+04C4 (decimal 1220)
   defining Unicode char U+04C5 (decimal 1221)
   defining Unicode char U+04C6 (decimal 1222)
   defining Unicode char U+04C7 (decimal 1223)
   defining Unicode char U+04C8 (decimal 1224)
   defining Unicode char U+04CB (decimal 1227)
   defining Unicode char U+04CC (decimal 1228)
   defining Unicode char U+04D0 (decimal 1232)
   defining Unicode char U+04D1 (decimal 1233)
   defining Unicode char U+04D2 (decimal 1234)
   defining Unicode char U+04D3 (decimal 1235)
   defining Unicode char U+04D6 (decimal 1238)
   defining Unicode char U+04D7 (decimal 1239)
   defining Unicode char U+04D8 (decimal 1240)
   defining Unicode char U+04D9 (decimal 1241)
   defining Unicode char U+04DA (decimal 1242)
   defining Unicode char U+04DB (decimal 1243)
   defining Unicode char U+04DC (decimal 1244)
   defining Unicode char U+04DD (decimal 1245)
   defining Unicode char U+04DE (decimal 1246)
   defining Unicode char U+04DF (decimal 1247)
   defining Unicode char U+04E0 (decimal 1248)
   defining Unicode char U+04E1 (decimal 1249)
   defining Unicode char U+04E2 (decimal 1250)
   defining Unicode char U+04E3 (decimal 1251)
   defining Unicode char U+04E4 (decimal 1252)
   defining Unicode char U+04E5 (decimal 1253)
   defining Unicode char U+04E6 (decimal 1254)
   defining Unicode char U+04E7 (decimal 1255)
   defining Unicode char U+04E8 (decimal 1256)
   defining Unicode char U+04E9 (decimal 1257)
   defining Unicode char U+04EC (decimal 1260)
   defining Unicode char U+04ED (decimal 1261)
   defining Unicode char U+04EE (decimal 1262)
   defining Unicode char U+04EF (decimal 1263)
   defining Unicode char U+04F0 (decimal 1264)
   defining Unicode char U+04F1 (decimal 1265)
   defining Unicode char U+04F2 (decimal 1266)
   defining Unicode char U+04F3 (decimal 1267)
   defining Unicode char U+04F4 (decimal 1268)
   defining Unicode char U+04F5 (decimal 1269)
   defining Unicode char U+04F6 (decimal 1270)
   defining Unicode char U+04F7 (decimal 1271)
   defining Unicode char U+04F8 (decimal 1272)
   defining Unicode char U+04F9 (decimal 1273)
   defining Unicode char U+04FA (decimal 1274)
   defining Unicode char U+04FB (decimal 1275)
   defining Unicode char U+04FC (decimal 1276)
   defining Unicode char U+04FD (decimal 1277)
   defining Unicode char U+04FE (decimal 1278)
   defining Unicode char U+04FF (decimal 1279)
   defining Unicode char U+200C (decimal 8204)
   defining Unicode char U+2013 (decimal 8211)
   defining Unicode char U+2014 (decimal 8212)
   defining Unicode char U+2018 (decimal 8216)
   defining Unicode char U+2019 (decimal 8217)
   defining Unicode char U+201C (decimal 8220)
   defining Unicode char U+201D (decimal 8221)
   defining Unicode char U+201E (decimal 8222)
   defining Unicode char U+2030 (decimal 8240)
   defining Unicode char U+2031 (decimal 8241)
   defining Unicode char U+2116 (decimal 8470)
   defining Unicode char U+2329 (decimal 9001)
   defining Unicode char U+232A (decimal 9002)
   defining Unicode char U+2423 (decimal 9251)
))
LaTeX Font Info:    Try loading font information for T2B+cmr on input line 105.


(/usr/local/texlive/2018/texmf-dist/tex/latex/cyrillic/t2bcmr.fd
File: t2bcmr.fd 2001/08/11 v1.0a Computer Modern Cyrillic font definitions
))
(/usr/local/texlive/2018/texmf-dist/tex/generic/babel/babel.sty
Package: babel 2018/02/14 3.18 The Babel package

(/usr/local/texlive/2018/texmf-dist/tex/generic/babel/switch.def
File: switch.def 2018/02/14 3.18 Babel switching mechanism
)
(/usr/local/texlive/2018/texmf-dist/tex/generic/babel-english/english.ldf
Language: english 2017/06/06 v3.3r English support from the babel system

(/usr/local/texlive/2018/texmf-dist/tex/generic/babel/babel.def
File: babel.def 2018/02/14 3.18 Babel common definitions
\babel@savecnt=\count88
\U@D=\dimen104

(/usr/local/texlive/2018/texmf-dist/tex/generic/babel/txtbabel.def)
\bbl@dirlevel=\count89
)
\l@canadian = a dialect from \language\l@american 
\l@australian = a dialect from \language\l@british 
\l@newzealand = a dialect from \language\l@british 
)
(/usr/local/texlive/2018/texmf-dist/tex/generic/babel-russian/russianb.ldf
Language: russian 2017/08/12 1.3j Russian support for the Babel system
Package babel Info: Making " an active character on input line 120.
Package babel Info: Default for \cyrdash is provided on input line 157.
))
(/usr/local/texlive/2018/texmf-dist/tex/latex/amsmath/amsmath.sty
Package: amsmath 2017/09/02 v2.17a AMS math features
\@mathmargin=\skip43

For additional information on amsmath, use the `?' option.
(/usr/local/texlive/2018/texmf-dist/tex/latex/amsmath/amstext.sty
Package: amstext 2000/06/29 v2.01 AMS text

(/usr/local/texlive/2018/texmf-dist/tex/latex/amsmath/amsgen.sty
File: amsgen.sty 1999/11/30 v2.0 generic functions
\@emptytoks=\toks16
\ex@=\dimen105
))
(/usr/local/texlive/2018/texmf-dist/tex/latex/amsmath/amsbsy.sty
Package: amsbsy 1999/11/29 v1.2d Bold Symbols
\pmbraise@=\dimen106
)
(/usr/local/texlive/2018/texmf-dist/tex/latex/amsmath/amsopn.sty
Package: amsopn 2016/03/08 v2.02 operator names
)
\inf@bad=\count90
LaTeX Info: Redefining \frac on input line 213.
\uproot@=\count91
\leftroot@=\count92
LaTeX Info: Redefining \overline on input line 375.
\classnum@=\count93
\DOTSCASE@=\count94
LaTeX Info: Redefining \ldots on input line 472.
LaTeX Info: Redefining \dots on input line 475.
LaTeX Info: Redefining \cdots on input line 596.
\Mathstrutbox@=\box26
\strutbox@=\box27
\big@size=\dimen107
LaTeX Font Info:    Redeclaring font encoding OML on input line 712.
LaTeX Font Info:    Redeclaring font encoding OMS on input line 713.
\macc@depth=\count95
\c@MaxMatrixCols=\count96
\dotsspace@=\muskip10
\c@parentequation=\count97
\dspbrk@lvl=\count98
\tag@help=\toks17
\row@=\count99
\column@=\count100
\maxfields@=\count101
\andhelp@=\toks18
\eqnshift@=\dimen108
\alignsep@=\dimen109
\tagshift@=\dimen110
\tagwidth@=\dimen111
\totwidth@=\dimen112
\lineht@=\dimen113
\@envbody=\toks19
\multlinegap=\skip44
\multlinetaggap=\skip45
\mathdisplay@stack=\toks20
LaTeX Info: Redefining \[ on input line 2817.
LaTeX Info: Redefining \] on input line 2818.
)
(/usr/local/texlive/2018/texmf-dist/tex/latex/amsfonts/amssymb.sty
Package: amssymb 2013/01/14 v3.01 AMS font symbols

(/usr/local/texlive/2018/texmf-dist/tex/latex/amsfonts/amsfonts.sty
Package: amsfonts 2013/01/14 v3.01 Basic AMSFonts support
\symAMSa=\mathgroup4
\symAMSb=\mathgroup5
LaTeX Font Info:    Overwriting math alphabet `\mathfrak' in version `bold'
(Font)                  U/euf/m/n --> U/euf/b/n on input line 106.
))
(/usr/local/texlive/2018/texmf-dist/tex/latex/hyperref/hyperref.sty
Package: hyperref 2018/02/06 v6.86b Hypertext links for LaTeX

(/usr/local/texlive/2018/texmf-dist/tex/generic/oberdiek/hobsub-hyperref.sty
Package: hobsub-hyperref 2016/05/16 v1.14 Bundle oberdiek, subset hyperref (HO)


(/usr/local/texlive/2018/texmf-dist/tex/generic/oberdiek/hobsub-generic.sty
Package: hobsub-generic 2016/05/16 v1.14 Bundle oberdiek, subset generic (HO)
Package: hobsub 2016/05/16 v1.14 Construct package bundles (HO)
Package: infwarerr 2016/05/16 v1.4 Providing info/warning/error messages (HO)
Package: ltxcmds 2016/05/16 v1.23 LaTeX kernel commands for general use (HO)
Package: ifluatex 2016/05/16 v1.4 Provides the ifluatex switch (HO)
Package ifluatex Info: LuaTeX not detected.
Package: ifvtex 2016/05/16 v1.6 Detect VTeX and its facilities (HO)
Package ifvtex Info: VTeX not detected.
Package: intcalc 2016/05/16 v1.2 Expandable calculations with integers (HO)
Package: ifpdf 2017/03/15 v3.2 Provides the ifpdf switch
Package: etexcmds 2016/05/16 v1.6 Avoid name clashes with e-TeX commands (HO)
Package etexcmds Info: Could not find \expanded.
(etexcmds)             That can mean that you are not using pdfTeX 1.50 or
(etexcmds)             that some package has redefined \expanded.
(etexcmds)             In the latter case, load this package earlier.
Package: kvsetkeys 2016/05/16 v1.17 Key value parser (HO)
Package: kvdefinekeys 2016/05/16 v1.4 Define keys (HO)
Package: pdftexcmds 2018/01/30 v0.27 Utility functions of pdfTeX for LuaTeX (HO
)
Package pdftexcmds Info: LuaTeX not detected.
Package pdftexcmds Info: \pdf@primitive is available.
Package pdftexcmds Info: \pdf@ifprimitive is available.
Package pdftexcmds Info: \pdfdraftmode found.
Package: pdfescape 2016/05/16 v1.14 Implements pdfTeX's escape features (HO)
Package: bigintcalc 2016/05/16 v1.4 Expandable calculations on big integers (HO
)
Package: bitset 2016/05/16 v1.2 Handle bit-vector datatype (HO)
Package: uniquecounter 2016/05/16 v1.3 Provide unlimited unique counter (HO)
)
Package hobsub Info: Skipping package `hobsub' (already loaded).
Package: letltxmacro 2016/05/16 v1.5 Let assignment for LaTeX macros (HO)
Package: hopatch 2016/05/16 v1.3 Wrapper for package hooks (HO)
Package: xcolor-patch 2016/05/16 xcolor patch
Package: atveryend 2016/05/16 v1.9 Hooks at the very end of document (HO)
Package atveryend Info: \enddocument detected (standard20110627).
Package: atbegshi 2016/06/09 v1.18 At begin shipout hook (HO)
Package: refcount 2016/05/16 v3.5 Data extraction from label references (HO)
Package: hycolor 2016/05/16 v1.8 Color options for hyperref/bookmark (HO)
)
(/usr/local/texlive/2018/texmf-dist/tex/latex/graphics/keyval.sty
Package: keyval 2014/10/28 v1.15 key=value parser (DPC)
\KV@toks@=\toks21
)
(/usr/local/texlive/2018/texmf-dist/tex/generic/ifxetex/ifxetex.sty
Package: ifxetex 2010/09/12 v0.6 Provides ifxetex conditional
)
(/usr/local/texlive/2018/texmf-dist/tex/latex/oberdiek/auxhook.sty
Package: auxhook 2016/05/16 v1.4 Hooks for auxiliary files (HO)
)
(/usr/local/texlive/2018/texmf-dist/tex/latex/oberdiek/kvoptions.sty
Package: kvoptions 2016/05/16 v3.12 Key value format for package options (HO)
)
\@linkdim=\dimen114
\Hy@linkcounter=\count102
\Hy@pagecounter=\count103

(/usr/local/texlive/2018/texmf-dist/tex/latex/hyperref/pd1enc.def
File: pd1enc.def 2018/02/06 v6.86b Hyperref: PDFDocEncoding definition (HO)
Now handling font encoding PD1 ...
... no UTF-8 mapping file for font encoding PD1
)
\Hy@SavedSpaceFactor=\count104
Package hyperref Info: Option `unicode' set `true' on input line 3456.

(/usr/local/texlive/2018/texmf-dist/tex/latex/hyperref/puenc.def
File: puenc.def 2018/02/06 v6.86b Hyperref: PDF Unicode definition (HO)
Now handling font encoding PU ...
... no UTF-8 mapping file for font encoding PU
)
(/usr/local/texlive/2018/texmf-dist/tex/latex/latexconfig/hyperref.cfg
File: hyperref.cfg 2002/06/06 v1.2 hyperref configuration of TeXLive
)
Package hyperref Info: Option `unicode' set `true' on input line 4383.
Package hyperref Info: Hyper figures OFF on input line 4509.
Package hyperref Info: Link nesting OFF on input line 4514.
Package hyperref Info: Hyper index ON on input line 4517.
Package hyperref Info: Plain pages OFF on input line 4524.
Package hyperref Info: Backreferencing OFF on input line 4529.
Package hyperref Info: Implicit mode ON; LaTeX internals redefined.
Package hyperref Info: Bookmarks ON on input line 4762.
\c@Hy@tempcnt=\count105

(/usr/local/texlive/2018/texmf-dist/tex/latex/url/url.sty
\Urlmuskip=\muskip11
Package: url 2013/09/16  ver 3.4  Verb mode for urls, etc.
)
LaTeX Info: Redefining \url on input line 5115.
\XeTeXLinkMargin=\dimen115
\Fld@menulength=\count106
\Field@Width=\dimen116
\Fld@charsize=\dimen117
Package hyperref Info: Hyper figures OFF on input line 6369.
Package hyperref Info: Link nesting OFF on input line 6374.
Package hyperref Info: Hyper index ON on input line 6377.
Package hyperref Info: backreferencing OFF on input line 6384.
Package hyperref Info: Link coloring OFF on input line 6389.
Package hyperref Info: Link coloring with OCG OFF on input line 6394.
Package hyperref Info: PDF/A mode OFF on input line 6399.
LaTeX Info: Redefining \ref on input line 6439.
LaTeX Info: Redefining \pageref on input line 6443.
\Hy@abspage=\count107
\c@Item=\count108
\c@Hfootnote=\count109
)
Package hyperref Info: Driver (autodetected): hpdftex.

(/usr/local/texlive/2018/texmf-dist/tex/latex/hyperref/hpdftex.def
File: hpdftex.def 2018/02/06 v6.86b Hyperref driver for pdfTeX
\Fld@listcount=\count110
\c@bookmark@seq@number=\count111

(/usr/local/texlive/2018/texmf-dist/tex/latex/oberdiek/rerunfilecheck.sty
Package: rerunfilecheck 2016/05/16 v1.8 Rerun checks for auxiliary files (HO)
Package uniquecounter Info: New unique counter `rerunfilecheck' on input line 2
82.
)
\Hy@SectionHShift=\skip46
)
(/usr/local/texlive/2018/texmf-dist/tex/latex/tools/longtable.sty
Package: longtable 2014/10/28 v4.11 Multi-page Table package (DPC)
\LTleft=\skip47
\LTright=\skip48
\LTpre=\skip49
\LTpost=\skip50
\LTchunksize=\count112
\LTcapwidth=\dimen118
\LT@head=\box28
\LT@firsthead=\box29
\LT@foot=\box30
\LT@lastfoot=\box31
\LT@cols=\count113
\LT@rows=\count114
\c@LT@tables=\count115
\c@LT@chunks=\count116
\LT@p@ftn=\toks22
)
(/usr/local/texlive/2018/texmf-dist/tex/latex/xcolor/xcolor.sty
Package: xcolor 2016/05/11 v2.12 LaTeX color extensions (UK)

(/usr/local/texlive/2018/texmf-dist/tex/latex/graphics-cfg/color.cfg
File: color.cfg 2016/01/02 v1.6 sample color configuration
)
Package xcolor Info: Driver file: pdftex.def on input line 225.

(/usr/local/texlive/2018/texmf-dist/tex/latex/graphics-def/pdftex.def
File: pdftex.def 2018/01/08 v1.0l Graphics/color driver for pdftex
)
(/usr/local/texlive/2018/texmf-dist/tex/latex/colortbl/colortbl.sty
Package: colortbl 2012/02/13 v1.0a Color table columns (DPC)

(/usr/local/texlive/2018/texmf-dist/tex/latex/tools/array.sty
Package: array 2018/04/07 v2.4g Tabular extension package (FMi)
\col@sep=\dimen119
\ar@mcellbox=\box32
\extrarowheight=\dimen120
\NC@list=\toks23
\extratabsurround=\skip51
\backup@length=\skip52
\ar@cellbox=\box33
)
\everycr=\toks24
\minrowclearance=\skip53
)
\rownum=\count117
Package xcolor Info: Model `cmy' substituted by `cmy0' on input line 1348.
Package xcolor Info: Model `hsb' substituted by `rgb' on input line 1352.
Package xcolor Info: Model `RGB' extended on input line 1364.
Package xcolor Info: Model `HTML' substituted by `rgb' on input line 1366.
Package xcolor Info: Model `Hsb' substituted by `hsb' on input line 1367.
Package xcolor Info: Model `tHsb' substituted by `hsb' on input line 1368.
Package xcolor Info: Model `HSB' substituted by `hsb' on input line 1369.
Package xcolor Info: Model `Gray' substituted by `gray' on input line 1370.
Package xcolor Info: Model `wave' substituted by `hsb' on input line 1371.
)
(/usr/local/texlive/2018/texmf-dist/tex/latex/listings/listings.sty
\lst@mode=\count118
\lst@gtempboxa=\box34
\lst@token=\toks25
\lst@length=\count119
\lst@currlwidth=\dimen121
\lst@column=\count120
\lst@pos=\count121
\lst@lostspace=\dimen122
\lst@width=\dimen123
\lst@newlines=\count122
\lst@lineno=\count123
\lst@maxwidth=\dimen124

(/usr/local/texlive/2018/texmf-dist/tex/latex/listings/lstmisc.sty
File: lstmisc.sty 2015/06/04 1.6 (Carsten Heinz)
\c@lstnumber=\count124
\lst@skipnumbers=\count125
\lst@framebox=\box35
)
(/usr/local/texlive/2018/texmf-dist/tex/latex/listings/listings.cfg
File: listings.cfg 2015/06/04 1.6 listings configuration
))
Package: listings 2015/06/04 1.6 (Carsten Heinz)

(/usr/local/texlive/2018/texmf-dist/tex/latex/base/alltt.sty
Package: alltt 1997/06/16 v2.0g defines alltt environment
)
(/usr/local/texlive/2018/texmf-dist/tex/latex/csquotes/csquotes.sty
Package: csquotes 2018/02/11 v5.2c context-sensitive quotations (JAW)

(/usr/local/texlive/2018/texmf-dist/tex/latex/etoolbox/etoolbox.sty
Package: etoolbox 2018/02/11 v2.5e e-TeX tools for LaTeX (JAW)
\etb@tempcnta=\count126
)
\csq@reset=\count127
\csq@gtype=\count128
\csq@glevel=\count129
\csq@qlevel=\count130
\csq@maxlvl=\count131
\csq@tshold=\count132
\csq@ltx@everypar=\toks26

(/usr/local/texlive/2018/texmf-dist/tex/latex/csquotes/csquotes.def
File: csquotes.def 2018/02/11 v5.2c csquotes generic definitions (JAW)
)
Package csquotes Info: Trying to load configuration file 'csquotes.cfg'...
Package csquotes Info: ... configuration file loaded successfully.

(/usr/local/texlive/2018/texmf-dist/tex/latex/csquotes/csquotes.cfg
File: csquotes.cfg 
))
Package csquotes Info: Redefining quotation style 'russian'.
Package csquotes Info: Disabling multilingual quotes.
Package csquotes Info: Redefining alias 'default' -> 'russian'.

(/usr/local/texlive/2018/texmf-dist/tex/latex/graphics/graphicx.sty
Package: graphicx 2017/06/01 v1.1a Enhanced LaTeX Graphics (DPC,SPQR)

(/usr/local/texlive/2018/texmf-dist/tex/latex/graphics/graphics.sty
Package: graphics 2017/06/25 v1.2c Standard LaTeX Graphics (DPC,SPQR)

(/usr/local/texlive/2018/texmf-dist/tex/latex/graphics/trig.sty
Package: trig 2016/01/03 v1.10 sin cos tan (DPC)
)
(/usr/local/texlive/2018/texmf-dist/tex/latex/graphics-cfg/graphics.cfg
File: graphics.cfg 2016/06/04 v1.11 sample graphics configuration
)
Package graphics Info: Driver file: pdftex.def on input line 99.
)
\Gin@req@height=\dimen125
\Gin@req@width=\dimen126
)
(/usr/local/texlive/2018/texmf-dist/tex/latex/listings/lstlang1.sty
File: lstlang1.sty 2015/06/04 1.6 listings language file
)
(/usr/local/texlive/2018/texmf-dist/tex/latex/listings/lstmisc.sty
File: lstmisc.sty 2015/06/04 1.6 (Carsten Heinz)
))

LaTeX Warning: Unused global option(s):
    [pdf].

(./report.aux)
\openout1 = `report.aux'.

LaTeX Font Info:    Checking defaults for OML/cmm/m/it on input line 31.
LaTeX Font Info:    ... okay on input line 31.
LaTeX Font Info:    Checking defaults for T1/cmr/m/n on input line 31.
LaTeX Font Info:    ... okay on input line 31.
LaTeX Font Info:    Checking defaults for OT1/cmr/m/n on input line 31.
LaTeX Font Info:    ... okay on input line 31.
LaTeX Font Info:    Checking defaults for OMS/cmsy/m/n on input line 31.
LaTeX Font Info:    ... okay on input line 31.
LaTeX Font Info:    Checking defaults for OMX/cmex/m/n on input line 31.
LaTeX Font Info:    ... okay on input line 31.
LaTeX Font Info:    Checking defaults for U/cmr/m/n on input line 31.
LaTeX Font Info:    ... okay on input line 31.
LaTeX Font Info:    Checking defaults for T2B/cmr/m/n on input line 31.
LaTeX Font Info:    ... okay on input line 31.
LaTeX Font Info:    Checking defaults for PD1/pdf/m/n on input line 31.
LaTeX Font Info:    ... okay on input line 31.
LaTeX Font Info:    Checking defaults for PU/pdf/m/n on input line 31.
LaTeX Font Info:    ... okay on input line 31.
\AtBeginShipoutBox=\box36
Package hyperref Info: Link coloring OFF on input line 31.

(/usr/local/texlive/2018/texmf-dist/tex/latex/hyperref/nameref.sty
Package: nameref 2016/05/21 v2.44 Cross-referencing by name of section

(/usr/local/texlive/2018/texmf-dist/tex/generic/oberdiek/gettitlestring.sty
Package: gettitlestring 2016/05/16 v1.5 Cleanup title references (HO)
)
\c@section@level=\count133
)
LaTeX Info: Redefining \ref on input line 31.
LaTeX Info: Redefining \pageref on input line 31.
LaTeX Info: Redefining \nameref on input line 31.

(./report.out) (./report.out)
\@outlinefile=\write3
\openout3 = `report.out'.


(/usr/local/texlive/2018/texmf-dist/tex/context/base/mkii/supp-pdf.mkii
[Loading MPS to PDF converter (version 2006.09.02).]
\scratchcounter=\count134
\scratchdimen=\dimen127
\scratchbox=\box37
\nofMPsegments=\count135
\nofMParguments=\count136
\everyMPshowfont=\toks27
\MPscratchCnt=\count137
\MPscratchDim=\dimen128
\MPnumerator=\count138
\makeMPintoPDFobject=\count139
\everyMPtoPDFconversion=\toks28
) (/usr/local/texlive/2018/texmf-dist/tex/latex/oberdiek/epstopdf-base.sty
Package: epstopdf-base 2016/05/15 v2.6 Base part for package epstopdf

(/usr/local/texlive/2018/texmf-dist/tex/latex/oberdiek/grfext.sty
Package: grfext 2016/05/16 v1.2 Manage graphics extensions (HO)
)
Package epstopdf-base Info: Redefining graphics rule for `.eps' on input line 4
38.
Package grfext Info: Graphics extension search list:
(grfext)             [.pdf,.png,.jpg,.eps]
(grfext)             \AppendGraphicsExtensions on input line 456.

(/usr/local/texlive/2018/texmf-dist/tex/latex/latexconfig/epstopdf-sys.cfg
File: epstopdf-sys.cfg 2010/07/13 v1.3 Configuration of (r)epstopdf for TeX Liv
e
))
\c@lstlisting=\count140

(./src/titlepage.tex
LaTeX Font Info:    Try loading font information for U+msa on input line 32.

(/usr/local/texlive/2018/texmf-dist/tex/latex/amsfonts/umsa.fd
File: umsa.fd 2013/01/14 v3.01 AMS symbols A
)
LaTeX Font Info:    Try loading font information for U+msb on input line 32.

(/usr/local/texlive/2018/texmf-dist/tex/latex/amsfonts/umsb.fd
File: umsb.fd 2013/01/14 v3.01 AMS symbols B
)
Package babel Info: Redefining russian shorthand "|
(babel)             in language append on input line 48.
Package babel Info: Redefining russian shorthand "~
(babel)             in language append on input line 48.
Package babel Info: Redefining russian shorthand "|
(babel)             in language append on input line 48.
Package babel Info: Redefining russian shorthand "~
(babel)             in language append on input line 48.
 [1

{/usr/local/texlive/2018/texmf-var/fonts/map/pdftex/updmap/pdftex.map}]) (./src
/problem.tex) (./src/src.tex
Package babel Info: Redefining russian shorthand "|
(babel)             in language append on input line 1.
Package babel Info: Redefining russian shorthand "~
(babel)             in language append on input line 1.
Package babel Info: Redefining russian shorthand "|
(babel)             in language append on input line 1.
Package babel Info: Redefining russian shorthand "~
(babel)             in language append on input line 1.
pdfTeX warning (ext4): destination with the same identifier (name{page.1}) has 
been already used, duplicate ignored
<to be read again> 
                   \relax 
l.1 \section
            {–û–ø–∏—Å–∞–Ω–∏–µ} [1]
Package babel Info: Redefining russian shorthand "|
(babel)             in language append on input line 1.
Package babel Info: Redefining russian shorthand "~
(babel)             in language append on input line 1.
Package babel Info: Redefining russian shorthand "|
(babel)             in language append on input line 9.
Package babel Info: Redefining russian shorthand "~
(babel)             in language append on input line 9.
Package babel Info: Redefining russian shorthand "|
(babel)             in language append on input line 9.
Package babel Info: Redefining russian shorthand "~
(babel)             in language append on input line 9.
 [2]
Package babel Info: Redefining russian shorthand "|
(babel)             in language append on input line 10.
Package babel Info: Redefining russian shorthand "~
(babel)             in language append on input line 10.


! LaTeX Error: There's no line here to end.

See the LaTeX manual or LaTeX Companion for explanation.
Type  H <return>  for immediate help.
 ...                                              
                                                  
l.20 \\–
        í –º–æ–µ–º –∑–∞–¥–∞–Ω–∏–∏ —è—Å–Ω–æ –≥–æ–≤–æ—Ä–∏—Ç—Å—è, —á—Ç–æ –º–Ω–µ...

Your command was ignored.
Type  I <command> <return>  to replace it with another command,
or  <return>  to continue without it.


Overfull \hbox (22.30725pt too wide) in paragraph at lines 20--22
\T2B/cmr/m/n/12 ¡˚Î ÔË-ÏÂ-ÌÂÌ ‡Î-„Ó-ËÚÏ Â-ÍÛ-ÒË‚-ÌÓ-„Ó ÒÎË-ˇ-ÌËˇ Ï‡Ò-ÒË-‚Ó‚
 T[left1...right1] Ë T[left2...right2]‚
 []

Package babel Info: Redefining russian shorthand "|
(babel)             in language append on input line 30.
Package babel Info: Redefining russian shorthand "~
(babel)             in language append on input line 30.
Package babel Info: Redefining russian shorthand "|
(babel)             in language append on input line 30.
Package babel Info: Redefining russian shorthand "~
(babel)             in language append on input line 30.
[3]
Package babel Info: Redefining russian shorthand "|
(babel)             in language append on input line 35.
Package babel Info: Redefining russian shorthand "~
(babel)             in language append on input line 35.
Package babel Info: Redefining russian shorthand "|
(babel)             in language append on input line 35.
Package babel Info: Redefining russian shorthand "~
(babel)             in language append on input line 35.
 [4]
Package babel Info: Redefining russian shorthand "|
(babel)             in language append on input line 36.
Package babel Info: Redefining russian shorthand "~
(babel)             in language append on input line 36.
LaTeX Font Info:    Try loading font information for T2B+cmtt on input line 37.

 (/usr/local/texlive/2018/texmf-dist/tex/latex/cyrillic/t2bcmtt.fd
File: t2bcmtt.fd 2001/08/11 v1.0a Computer Modern Cyrillic font definitions
)
LaTeX Font Info:    Font shape `T2B/cmtt/bx/n' in size <10> not available
(Font)              Font shape `T2B/cmtt/m/n' tried instead on input line 38.
Package babel Info: Redefining russian shorthand "|
(babel)             in language append on input line 86.
Package babel Info: Redefining russian shorthand "~
(babel)             in language append on input line 86.
Package babel Info: Redefining russian shorthand "|
(babel)             in language append on input line 86.
Package babel Info: Redefining russian shorthand "~
(babel)             in language append on input line 86.

[5]
Package babel Info: Redefining russian shorthand "|
(babel)             in language append on input line 132.
Package babel Info: Redefining russian shorthand "~
(babel)             in language append on input line 132.
Package babel Info: Redefining russian shorthand "|
(babel)             in language append on input line 132.
Package babel Info: Redefining russian shorthand "~
(babel)             in language append on input line 132.
 [6]
Package babel Info: Redefining russian shorthand "|
(babel)             in language append on input line 178.
Package babel Info: Redefining russian shorthand "~
(babel)             in language append on input line 178.
Package babel Info: Redefining russian shorthand "|
(babel)             in language append on input line 178.
Package babel Info: Redefining russian shorthand "~
(babel)             in language append on input line 178.
 [7]
Package babel Info: Redefining russian shorthand "|
(babel)             in language append on input line 228.
Package babel Info: Redefining russian shorthand "~
(babel)             in language append on input line 228.
Package babel Info: Redefining russian shorthand "|
(babel)             in language append on input line 228.
Package babel Info: Redefining russian shorthand "~
(babel)             in language append on input line 228.
 [8]
Package babel Info: Redefining russian shorthand "|
(babel)             in language append on input line 271.
Package babel Info: Redefining russian shorthand "~
(babel)             in language append on input line 271.
Package babel Info: Redefining russian shorthand "|
(babel)             in language append on input line 271.
Package babel Info: Redefining russian shorthand "~
(babel)             in language append on input line 271.
 [9]
Package babel Info: Redefining russian shorthand "|
(babel)             in language append on input line 319.
Package babel Info: Redefining russian shorthand "~
(babel)             in language append on input line 319.
Package babel Info: Redefining russian shorthand "|
(babel)             in language append on input line 319.
Package babel Info: Redefining russian shorthand "~
(babel)             in language append on input line 319.
 [10])
Package babel Info: Redefining russian shorthand "|
(babel)             in language append on input line 36.
Package babel Info: Redefining russian shorthand "~
(babel)             in language append on input line 36.
Package babel Info: Redefining russian shorthand "|
(babel)             in language append on input line 36.
Package babel Info: Redefining russian shorthand "~
(babel)             in language append on input line 36.
 [11] (./src/banchmark.tex
Package babel Info: Redefining russian shorthand "|
(babel)             in language append on input line 1.
Package babel Info: Redefining russian shorthand "~
(babel)             in language append on input line 1.


! LaTeX Error: There's no line here to end.

See the LaTeX manual or LaTeX Companion for explanation.
Type  H <return>  for immediate help.
 ...                                              
                                                  
l.31 \\–
        ¢–µ—Å—Ç—ã:
Your command was ignored.
Type  I <command> <return>  to replace it with another command,
or  <return>  to continue without it.


! LaTeX Error: There's no line here to end.

See the LaTeX manual or LaTeX Companion for explanation.
Type  H <return>  for immediate help.
 ...                                              
                                                  
l.36 \\r
        andtest10kk - 10 –º–∏–ª–ª–∏–æ–Ω–æ–≤ —Å—Ç—Ä–æ–∫ —Å —Ä–∞–Ω–¥–æ–º–Ω—ã–º...

Your command was ignored.
Type  I <command> <return>  to replace it with another command,
or  <return>  to continue without it.


! LaTeX Error: There's no line here to end.

See the LaTeX manual or LaTeX Companion for explanation.
Type  H <return>  for immediate help.
 ...                                              
                                                  
l.40 \\r
        andtest100kk - 100 –º–∏–ª–ª–∏–æ–Ω–æ–≤ —Å—Ç—Ä–æ–∫ —Å —Ä–∞–Ω–¥–æ–º–Ω—ã...

Your command was ignored.
Type  I <command> <return>  to replace it with another command,
or  <return>  to continue without it.

! Extra alignment tab has been changed to \cr.
<recently read> \endtemplate 
                             
l.48 user & 0m1.790s & 0m1.551s & 0m1.563s &
                                             \\
You have given more \span or & marks than there were
in the preamble to the \halign or \valign now in progress.
So I'll assume that you meant to type \cr instead.

! Extra alignment tab has been changed to \cr.
<recently read> \endtemplate 
                             
l.51 user & 0m1.877s & 0m1.623s & 0m1.733s &
                                             \\
You have given more \span or & marks than there were
in the preamble to the \halign or \valign now in progress.
So I'll assume that you meant to type \cr instead.

! Extra alignment tab has been changed to \cr.
<recently read> \endtemplate 
                             
l.54 user & 0m1.867s & 0m1.668s & 0m1.658s &
                                            \\
You have given more \span or & marks than there were
in the preamble to the \halign or \valign now in progress.
So I'll assume that you meant to type \cr instead.

Package babel Info: Redefining russian shorthand "|
(babel)             in language append on input line 71.
Package babel Info: Redefining russian shorthand "~
(babel)             in language append on input line 71.
Package babel Info: Redefining russian shorthand "|
(babel)             in language append on input line 71.
Package babel Info: Redefining russian shorthand "~
(babel)             in language append on input line 71.
[12]
! Extra alignment tab has been changed to \cr.
<recently read> \endtemplate 
                             
l.75 user & 0m17.965s& 0m15.565s & 0m16.097s &
                                               \\
You have given more \span or & marks than there were
in the preamble to the \halign or \valign now in progress.
So I'll assume that you meant to type \cr instead.

! Extra alignment tab has been changed to \cr.
<recently read> \endtemplate 
                             
l.78 user & 0m19.650s & 0m17.251s & 0m17.403s &
                                                \\
You have given more \span or & marks than there were
in the preamble to the \halign or \valign now in progress.
So I'll assume that you meant to type \cr instead.

Package babel Info: Redefining russian shorthand "|
(babel)             in language append on input line 99.
Package babel Info: Redefining russian shorthand "~
(babel)             in language append on input line 99.
Package babel Info: Redefining russian shorthand "|
(babel)             in language append on input line 99.
Package babel Info: Redefining russian shorthand "~
(babel)             in language append on input line 99.
[13]
! Extra alignment tab has been changed to \cr.
<recently read> \endtemplate 
                             
l.103 user &
             2m3.552s & 1m39.435s &  & 1m46.718\\
You have given more \span or & marks than there were
in the preamble to the \halign or \valign now in progress.
So I'll assume that you meant to type \cr instead.

! Extra alignment tab has been changed to \cr.
<recently read> \endtemplate 
                             
l.106 user &
             3m51.390s & 3m12.896s & 3m1.880s & \\
You have given more \span or & marks than there were
in the preamble to the \halign or \valign now in progress.
So I'll assume that you meant to type \cr instead.

! Extra alignment tab has been changed to \cr.
<recently read> \endtemplate 
                             
l.109 user &
             2m6.646s & 1m47.141s & 1m49.376s \\
You have given more \span or & marks than there were
in the preamble to the \halign or \valign now in progress.
So I'll assume that you meant to type \cr instead.


Overfull \hbox (1.90866pt too wide) in paragraph at lines 99--127
[][] 
 []

Package babel Info: Redefining russian shorthand "|
(babel)             in language append on input line 127.
Package babel Info: Redefining russian shorthand "~
(babel)             in language append on input line 127.
Package babel Info: Redefining russian shorthand "|
(babel)             in language append on input line 127.
Package babel Info: Redefining russian shorthand "~
(babel)             in language append on input line 127.
[14]
Package babel Info: Redefining russian shorthand "|
(babel)             in language append on input line 129.
Package babel Info: Redefining russian shorthand "~
(babel)             in language append on input line 129.
Package babel Info: Redefining russian shorthand "|
(babel)             in language append on input line 129.
Package babel Info: Redefining russian shorthand "~
(babel)             in language append on input line 129.
 [15]
Overfull \hbox (13.94135pt too wide) in paragraph at lines 136--136
[]\T2B/cmtt/m/n/12 linuxxxoid@linuxxxoid-MS-7721:~/MAI/DA/CW$ g++ cwda.cpp -std
=c++11 -lpthread
 []


Overfull \hbox (7.76785pt too wide) in paragraph at lines 140--140
[]\T2B/cmtt/m/n/12 ==3271== Using Valgrind-3.13.0 and LibVEX; rerun with -h for
 copyright info[] 
 []


Overfull \hbox (7.76785pt too wide) in paragraph at lines 146--146
[]\T2B/cmtt/m/n/12 ==3271==   total heap usage: 143 allocs,143 frees,5,500,880 
bytes allocated[] 
 []

Package babel Info: Redefining russian shorthand "|
(babel)             in language append on input line 150.
Package babel Info: Redefining russian shorthand "~
(babel)             in language append on input line 150.
Package babel Info: Redefining russian shorthand "|
(babel)             in language append on input line 150.
Package babel Info: Redefining russian shorthand "~
(babel)             in language append on input line 150.
[16]
Overfull \hbox (32.46182pt too wide) in paragraph at lines 157--157
[]\T2B/cmtt/m/n/12 linuxxxoid@linuxxxoid-MS-7721:~/MAI/DA/CW$ valgrind --tool=m
assif ./da test150k[] 
 []


Overfull \hbox (7.76785pt too wide) in paragraph at lines 160--160
[]\T2B/cmtt/m/n/12 ==3979== Using Valgrind-3.13.0 and LibVEX; rerun with -h for
 copyright info[] 
 []


Overfull \hbox (1.59436pt too wide) in paragraph at lines 164--164
[]\T2B/cmtt/m/n/12 linuxxxoid@linuxxxoid-MS-7721:~/MAI/DA/CW$ ms_print massif.o
ut.3979 | head
 []


Overfull \hbox (38.63531pt too wide) in paragraph at lines 165--165
[]\T2B/cmtt/m/n/12 ------------------------------------------------------------
--------------------[] 
 []


Overfull \hbox (38.63531pt too wide) in paragraph at lines 169--169
[]\T2B/cmtt/m/n/12 ------------------------------------------------------------
--------------------[] 
 []

Package babel Info: Redefining russian shorthand "|
(babel)             in language append on input line 190.
Package babel Info: Redefining russian shorthand "~
(babel)             in language append on input line 190.
Package babel Info: Redefining russian shorthand "|
(babel)             in language append on input line 190.
Package babel Info: Redefining russian shorthand "~
(babel)             in language append on input line 190.
[17]
Overfull \hbox (20.11484pt too wide) in paragraph at lines 193--193
[]\T2B/cmtt/m/n/12 0 +---------------------------------------------------------
-------------->Mi[] 
 []


Overfull \hbox (38.63531pt too wide) in paragraph at lines 199--199
[]\T2B/cmtt/m/n/12 ------------------------------------------------------------
--------------------[] 
 []


Overfull \hbox (20.11484pt too wide) in paragraph at lines 200--200
[]\T2B/cmtt/m/n/12 n        time(i)         total(B)   useful-heap(B) extra-hea
p(B)    stacks(B)[] 
 []


Overfull \hbox (38.63531pt too wide) in paragraph at lines 201--201
[]\T2B/cmtt/m/n/12 ------------------------------------------------------------
--------------------[] 
 []


Overfull \hbox (20.11484pt too wide) in paragraph at lines 202--202
[]\T2B/cmtt/m/n/12 0              0                0                0          
   0            0[] 
 []


Overfull \hbox (20.11484pt too wide) in paragraph at lines 203--203
[]\T2B/cmtt/m/n/12 1      2,295,368           72,712           72,704          
   8            0[] 
 []


Overfull \hbox (20.11484pt too wide) in paragraph at lines 204--204
[]\T2B/cmtt/m/n/12 2      6,888,963          147,024          146,984          
  40            0[] 
 []


Overfull \hbox (20.11484pt too wide) in paragraph at lines 205--205
[]\T2B/cmtt/m/n/12 3     11,323,552          212,560          212,520          
  40            0[] 
 []


Overfull \hbox (20.11484pt too wide) in paragraph at lines 206--206
[]\T2B/cmtt/m/n/12 4     20,163,283          474,712          474,664          
  48            0[] 
 []


Overfull \hbox (20.11484pt too wide) in paragraph at lines 207--207
[]\T2B/cmtt/m/n/12 5     20,190,769          343,632          343,592          
  40            0[] 
 []


Overfull \hbox (20.11484pt too wide) in paragraph at lines 208--208
[]\T2B/cmtt/m/n/12 6     37,870,161          867,928          867,880          
  48            0[] 
 []


Overfull \hbox (20.11484pt too wide) in paragraph at lines 209--209
[]\T2B/cmtt/m/n/12 7     37,924,271          605,776          605,736          
  40            0[] 
 []


Overfull \hbox (20.11484pt too wide) in paragraph at lines 210--210
[]\T2B/cmtt/m/n/12 8     73,268,702        1,654,360        1,654,312          
  48            0[] 
 []


Overfull \hbox (20.11484pt too wide) in paragraph at lines 211--211
[]\T2B/cmtt/m/n/12 9     73,376,060        1,130,064        1,130,024          
  40            0[] 
 []


Overfull \hbox (26.28833pt too wide) in paragraph at lines 212--212
[]\T2B/cmtt/m/n/12 10    144,105,363        3,227,224        3,227,176         
   48            0[] 
 []


Overfull \hbox (26.28833pt too wide) in paragraph at lines 213--213
[]\T2B/cmtt/m/n/12 11    144,319,217        2,178,640        2,178,600         
   40            0[] 
 []


Overfull \hbox (26.28833pt too wide) in paragraph at lines 214--214
[]\T2B/cmtt/m/n/12 12    164,747,084        2,170,440        2,170,408         
   32            0[] 
 []


Overfull \hbox (26.28833pt too wide) in paragraph at lines 215--215
[]\T2B/cmtt/m/n/12 13    171,399,743        3,376,136        3,375,704         
  432            0[] 
 []


Overfull \hbox (26.28833pt too wide) in paragraph at lines 216--216
[]\T2B/cmtt/m/n/12 14    185,081,897        3,376,208        3,375,760         
  448            0[] 
 []


Overfull \hbox (26.28833pt too wide) in paragraph at lines 217--217
[]\T2B/cmtt/m/n/12 15    188,527,245        3,378,344        3,377,768         
  576            0[] 
 []


Overfull \hbox (44.8088pt too wide) in paragraph at lines 225--225
[]\T2B/cmtt/m/n/12 linuxxxoid@linuxxxoid-MS-7721:~/MAI/DA/CW$ valgrind ^^Vtool=
callgrind ./da test150k[] 
 []

Package babel Info: Redefining russian shorthand "|
(babel)             in language append on input line 226.
Package babel Info: Redefining russian shorthand "~
(babel)             in language append on input line 226.
Package babel Info: Redefining russian shorthand "|
(babel)             in language append on input line 226.
Package babel Info: Redefining russian shorthand "~
(babel)             in language append on input line 226.
[18]
Overfull \hbox (7.76785pt too wide) in paragraph at lines 227--227
[]\T2B/cmtt/m/n/12 ==4294== Copyright (C) 2002-2017,and GNU GPL'd,by Josef Weid
endorfer et al.[] 
 []


Overfull \hbox (7.76785pt too wide) in paragraph at lines 228--228
[]\T2B/cmtt/m/n/12 ==4294== Using Valgrind-3.13.0 and LibVEX; rerun with -h for
 copyright info[] 
 []


Overfull \hbox (532.51471pt too wide) in paragraph at lines 237--237
[]\T2B/cmtt/m/n/12 linuxxxoid@linuxxxoid-MS-7721:~/MAI/DA/CW$ callgrind_annotat
e callgrind.out.4294-----------------------------------------------------------
---------------------[] 
 []


Overfull \hbox (38.63531pt too wide) in paragraph at lines 239--239
[]\T2B/cmtt/m/n/12 ------------------------------------------------------------
--------------------[] 
 []


Overfull \hbox (38.63531pt too wide) in paragraph at lines 254--254
[]\T2B/cmtt/m/n/12 ------------------------------------------------------------
--------------------[] 
 []


Overfull \hbox (38.63531pt too wide) in paragraph at lines 256--256
[]\T2B/cmtt/m/n/12 ------------------------------------------------------------
--------------------[] 
 []

</Users/linuxoid/desktop/vuzich/da/coursework/cw/cw/cw/report/src/cachgr.png, i
d=451, 1429.34pt x 679.53876pt>
File: /Users/linuxoid/desktop/vuzich/da/coursework/cw/cw/cw/report/src/cachgr.p
ng Graphic file (type png)
<use /Users/linuxoid/desktop/vuzich/da/coursework/cw/cw/cw/report/src/cachgr.pn
g>
Package pdftex.def Info: /Users/linuxoid/desktop/vuzich/da/coursework/cw/cw/cw/
report/src/cachgr.png  used on input line 261.
(pdftex.def)             Requested size: 500.2765pt x 237.84213pt.

Overfull \hbox (45.03242pt too wide) in paragraph at lines 261--262
 [] 
 []


LaTeX Warning: `h' float specifier changed to `ht'.

)
Package babel Info: Redefining russian shorthand "|
(babel)             in language append on input line 37.
Package babel Info: Redefining russian shorthand "~
(babel)             in language append on input line 37.
Package babel Info: Redefining russian shorthand "|
(babel)             in language append on input line 37.
Package babel Info: Redefining russian shorthand "~
(babel)             in language append on input line 37.
 [19] (./src/thinks.tex
Package babel Info: Redefining russian shorthand "|
(babel)             in language append on input line 2.
Package babel Info: Redefining russian shorthand "~
(babel)             in language append on input line 2.
) (./src/literature.tex
Package babel Info: Redefining russian shorthand "|
(babel)             in language append on input line 1.
Package babel Info: Redefining russian shorthand "~
(babel)             in language append on input line 1.
Package babel Info: Redefining russian shorthand "|
(babel)             in language append on input line 1.
Package babel Info: Redefining russian shorthand "~
(babel)             in language append on input line 1.
 [20 </Users/linuxoid/desktop/vuzich/da/coursework/cw/cw/cw/report/src/cachgr.p
ng>])
Package babel Info: Redefining russian shorthand "|
(babel)             in language append on input line 39.
Package babel Info: Redefining russian shorthand "~
(babel)             in language append on input line 39.
Package babel Info: Redefining russian shorthand "|
(babel)             in language append on input line 39.
Package babel Info: Redefining russian shorthand "~
(babel)             in language append on input line 39.
 [21]
Package atveryend Info: Empty hook `BeforeClearDocument' on input line 40.
Package atveryend Info: Empty hook `AfterLastShipout' on input line 40.
 (./report.aux)
Package atveryend Info: Executing hook `AtVeryEndDocument' on input line 40.
Package atveryend Info: Executing hook `AtEndAfterFileList' on input line 40.
Package rerunfilecheck Info: File `report.out' has not changed.
(rerunfilecheck)             Checksum: 6242BBB3F7D1685B0A19DDC0F4786A7D;743.
Package atveryend Info: Empty hook `AtVeryVeryEnd' on input line 40.
 ) 
Here is how much of TeX's memory you used:
 14035 strings out of 492649
 190450 string characters out of 6129622
 465759 words of memory out of 5000000
 17377 multiletter control sequences out of 15000+600000
 14222 words of font info for 41 fonts, out of 8000000 for 9000
 1141 hyphenation exceptions out of 8191
 48i,7n,58p,2166b,2001s stack positions out of 5000i,500n,10000p,200000b,80000s
{/usr/local/texlive/2018/texmf-dist/fonts/enc/dvips/cm-super/cm-super-t2b.enc
}</usr/local/texlive/2018/texmf-dist/fonts/type1/public/amsfonts/cm/cmmi12.pfb>
</usr/local/texlive/2018/texmf-dist/fonts/type1/public/amsfonts/cm/cmr8.pfb></u
sr/local/texlive/2018/texmf-dist/fonts/type1/public/cm-super/sfbx1200.pfb></usr
/local/texlive/2018/texmf-dist/fonts/type1/public/cm-super/sfbx1440.pfb></usr/l
ocal/texlive/2018/texmf-dist/fonts/type1/public/cm-super/sfbx1728.pfb></usr/loc
al/texlive/2018/texmf-dist/fonts/type1/public/cm-super/sfrm1000.pfb></usr/local
/texlive/2018/texmf-dist/fonts/type1/public/cm-super/sfrm1200.pfb></usr/local/t
exlive/2018/texmf-dist/fonts/type1/public/cm-super/sfti1200.pfb></usr/local/tex
live/2018/texmf-dist/fonts/type1/public/cm-super/sftt1000.pfb></usr/local/texli
ve/2018/texmf-dist/fonts/type1/public/cm-super/sftt1200.pfb>
Output written on report.pdf (22 pages, 435967 bytes).
PDF statistics:
 584 PDF objects out of 1000 (max. 8388607)
 543 compressed objects within 6 object streams
 368 named destinations out of 1000 (max. 500000)
 46 words of extra memory for PDF output out of 10000 (max. 10000000)

